[server] Clippy API running on http://localhost:3000
[server] MPP payments enabled — recipient: 0xfaad4f22fc6259646c8925203a04020e5458da6d
[server] Connecting to Twitch firehose...
[firehose] Connecting to wss://logs.spanix.team/firehose?jsonBasic=true...
[moments] Auto-capture enabled — storing moments on spike detection
[firehose] Connected!
[firehose] Disconnected. Reconnecting in 3s...
[firehose] Connecting to wss://logs.spanix.team/firehose?jsonBasic=true...
[firehose] Connected!
[firehose] Disconnected. Reconnecting in 3s...
[firehose] Connecting to wss://logs.spanix.team/firehose?jsonBasic=true...
[firehose] Error: getaddrinfo ENOTFOUND logs.spanix.team
[firehose] Disconnected. Reconnecting in 3s...
[firehose] Connecting to wss://logs.spanix.team/firehose?jsonBasic=true...
[firehose] Error: getaddrinfo ENOTFOUND logs.spanix.team
[firehose] Disconnected. Reconnecting in 3s...
[firehose] Connecting to wss://logs.spanix.team/firehose?jsonBasic=true...
[firehose] Connected!
[firehose] Disconnected. Reconnecting in 3s...
[firehose] Connecting to wss://logs.spanix.team/firehose?jsonBasic=true...
[firehose] Connected!
[firehose] Disconnected. Reconnecting in 3s...
[firehose] Connecting to wss://logs.spanix.team/firehose?jsonBasic=true...
[firehose] Connected!
[firehose] Disconnected. Reconnecting in 3s...
[firehose] Connecting to wss://logs.spanix.team/firehose?jsonBasic=true...
[firehose] Error: getaddrinfo ENOTFOUND logs.spanix.team
[firehose] Disconnected. Reconnecting in 3s...
[firehose] Connecting to wss://logs.spanix.team/firehose?jsonBasic=true...
[firehose] Error: getaddrinfo ENOTFOUND logs.spanix.team
[firehose] Disconnected. Reconnecting in 3s...
[firehose] Connecting to wss://logs.spanix.team/firehose?jsonBasic=true...
[firehose] Error: getaddrinfo ENOTFOUND logs.spanix.team
[firehose] Disconnected. Reconnecting in 3s...
[firehose] Connecting to wss://logs.spanix.team/firehose?jsonBasic=true...
[firehose] Error: getaddrinfo ENOTFOUND logs.spanix.team
[firehose] Disconnected. Reconnecting in 3s...
[firehose] Connecting to wss://logs.spanix.team/firehose?jsonBasic=true...
[firehose] Error: getaddrinfo ENOTFOUND logs.spanix.team
[firehose] Disconnected. Reconnecting in 3s...
[firehose] Connecting to wss://logs.spanix.team/firehose?jsonBasic=true...
[firehose] Error: getaddrinfo ENOTFOUND logs.spanix.team
[firehose] Disconnected. Reconnecting in 3s...
[firehose] Connecting to wss://logs.spanix.team/firehose?jsonBasic=true...
[firehose] Connected!
[firehose] Disconnected. Reconnecting in 3s...
[firehose] Connecting to wss://logs.spanix.team/firehose?jsonBasic=true...
[firehose] Connected!
[firehose] Disconnected. Reconnecting in 3s...
[firehose] Connecting to wss://logs.spanix.team/firehose?jsonBasic=true...
[firehose] Connected!
[firehose] Disconnected. Reconnecting in 3s...
[firehose] Connecting to wss://logs.spanix.team/firehose?jsonBasic=true...
[firehose] Connected!
[firehose] Disconnected. Reconnecting in 3s...
[firehose] Connecting to wss://logs.spanix.team/firehose?jsonBasic=true...
[firehose] Connected!
[firehose] Disconnected. Reconnecting in 3s...
[firehose] Connecting to wss://logs.spanix.team/firehose?jsonBasic=true...
[firehose] Connected!
[firehose] Disconnected. Reconnecting in 3s...
[firehose] Connecting to wss://logs.spanix.team/firehose?jsonBasic=true...
[firehose] Connected!
[firehose] Disconnected. Reconnecting in 3s...
[firehose] Connecting to wss://logs.spanix.team/firehose?jsonBasic=true...
[firehose] Connected!
[firehose] Disconnected. Reconnecting in 3s...
[firehose] Connecting to wss://logs.spanix.team/firehose?jsonBasic=true...
[firehose] Connected!
[firehose] Disconnected. Reconnecting in 3s...
[firehose] Connecting to wss://logs.spanix.team/firehose?jsonBasic=true...
[firehose] Connected!
[firehose] Disconnected. Reconnecting in 3s...
[firehose] Connecting to wss://logs.spanix.team/firehose?jsonBasic=true...
[firehose] Connected!
[firehose] Disconnected. Reconnecting in 3s...
[firehose] Connecting to wss://logs.spanix.team/firehose?jsonBasic=true...
[firehose] Error: getaddrinfo ENOTFOUND logs.spanix.team
[firehose] Disconnected. Reconnecting in 3s...
[firehose] Connecting to wss://logs.spanix.team/firehose?jsonBasic=true...
[firehose] Error: getaddrinfo ENOTFOUND logs.spanix.team
[firehose] Disconnected. Reconnecting in 3s...
[firehose] Connecting to wss://logs.spanix.team/firehose?jsonBasic=true...
[firehose] Error: getaddrinfo ENOTFOUND logs.spanix.team
[firehose] Disconnected. Reconnecting in 3s...
[firehose] Connecting to wss://logs.spanix.team/firehose?jsonBasic=true...
[firehose] Error: getaddrinfo ENOTFOUND logs.spanix.team
[firehose] Disconnected. Reconnecting in 3s...
[firehose] Connecting to wss://logs.spanix.team/firehose?jsonBasic=true...
[firehose] Error: getaddrinfo ENOTFOUND logs.spanix.team
[firehose] Disconnected. Reconnecting in 3s...
[firehose] Connecting to wss://logs.spanix.team/firehose?jsonBasic=true...
[firehose] Connected!
[firehose] Disconnected. Reconnecting in 3s...
[firehose] Connecting to wss://logs.spanix.team/firehose?jsonBasic=true...
[firehose] Error: getaddrinfo ENOTFOUND logs.spanix.team
[firehose] Disconnected. Reconnecting in 3s...
[firehose] Connecting to wss://logs.spanix.team/firehose?jsonBasic=true...
[firehose] Error: getaddrinfo ENOTFOUND logs.spanix.team
[firehose] Disconnected. Reconnecting in 3s...
[firehose] Connecting to wss://logs.spanix.team/firehose?jsonBasic=true...
[firehose] Error: getaddrinfo ENOTFOUND logs.spanix.team
[firehose] Disconnected. Reconnecting in 3s...
[firehose] Connecting to wss://logs.spanix.team/firehose?jsonBasic=true...
[firehose] Connected!
[firehose] Disconnected. Reconnecting in 3s...
[firehose] Connecting to wss://logs.spanix.team/firehose?jsonBasic=true...
[firehose] Connected!
[firehose] Disconnected. Reconnecting in 3s...
[firehose] Connecting to wss://logs.spanix.team/firehose?jsonBasic=true...
[firehose] Connected!
[firehose] Disconnected. Reconnecting in 3s...
[firehose] Connecting to wss://logs.spanix.team/firehose?jsonBasic=true...
[firehose] Connected!
[firehose] Disconnected. Reconnecting in 3s...
[firehose] Connecting to wss://logs.spanix.team/firehose?jsonBasic=true...
[firehose] Connected!
[firehose] Disconnected. Reconnecting in 3s...
[firehose] Connecting to wss://logs.spanix.team/firehose?jsonBasic=true...
[firehose] Connected!
[firehose] Disconnected. Reconnecting in 3s...
[firehose] Connecting to wss://logs.spanix.team/firehose?jsonBasic=true...
[firehose] Connected!
[firehose] Disconnected. Reconnecting in 3s...
[firehose] Connecting to wss://logs.spanix.team/firehose?jsonBasic=true...
[firehose] Error: getaddrinfo ENOTFOUND logs.spanix.team
[firehose] Disconnected. Reconnecting in 3s...
[firehose] Connecting to wss://logs.spanix.team/firehose?jsonBasic=true...
[firehose] Error: getaddrinfo ENOTFOUND logs.spanix.team
[firehose] Disconnected. Reconnecting in 3s...
[firehose] Connecting to wss://logs.spanix.team/firehose?jsonBasic=true...
[firehose] Error: getaddrinfo ENOTFOUND logs.spanix.team
[firehose] Disconnected. Reconnecting in 3s...
[firehose] Connecting to wss://logs.spanix.team/firehose?jsonBasic=true...
[firehose] Error: getaddrinfo ENOTFOUND logs.spanix.team
[firehose] Disconnected. Reconnecting in 3s...
[firehose] Connecting to wss://logs.spanix.team/firehose?jsonBasic=true...
[firehose] Error: getaddrinfo ENOTFOUND logs.spanix.team
[firehose] Disconnected. Reconnecting in 3s...
[firehose] Connecting to wss://logs.spanix.team/firehose?jsonBasic=true...
[firehose] Error: getaddrinfo ENOTFOUND logs.spanix.team
[firehose] Disconnected. Reconnecting in 3s...
[firehose] Connecting to wss://logs.spanix.team/firehose?jsonBasic=true...
[firehose] Error: getaddrinfo ENOTFOUND logs.spanix.team
[firehose] Disconnected. Reconnecting in 3s...
[firehose] Connecting to wss://logs.spanix.team/firehose?jsonBasic=true...
[firehose] Error: getaddrinfo ENOTFOUND logs.spanix.team
[firehose] Disconnected. Reconnecting in 3s...
[firehose] Connecting to wss://logs.spanix.team/firehose?jsonBasic=true...
[firehose] Error: getaddrinfo ENOTFOUND logs.spanix.team
[firehose] Disconnected. Reconnecting in 3s...
[firehose] Connecting to wss://logs.spanix.team/firehose?jsonBasic=true...
[firehose] Connected!
[firehose] Disconnected. Reconnecting in 3s...
[firehose] Connecting to wss://logs.spanix.team/firehose?jsonBasic=true...
[firehose] Connected!
[firehose] Disconnected. Reconnecting in 3s...
[firehose] Connecting to wss://logs.spanix.team/firehose?jsonBasic=true...
[firehose] Error: getaddrinfo ENOTFOUND logs.spanix.team
[firehose] Disconnected. Reconnecting in 3s...
[firehose] Connecting to wss://logs.spanix.team/firehose?jsonBasic=true...
[firehose] Error: getaddrinfo ENOTFOUND logs.spanix.team
[firehose] Disconnected. Reconnecting in 3s...
[firehose] Connecting to wss://logs.spanix.team/firehose?jsonBasic=true...
[firehose] Error: getaddrinfo ENOTFOUND logs.spanix.team
[firehose] Disconnected. Reconnecting in 3s...
[firehose] Connecting to wss://logs.spanix.team/firehose?jsonBasic=true...
[firehose] Error: getaddrinfo ENOTFOUND logs.spanix.team
[firehose] Disconnected. Reconnecting in 3s...
[firehose] Connecting to wss://logs.spanix.team/firehose?jsonBasic=true...
[firehose] Error: getaddrinfo ENOTFOUND logs.spanix.team
[firehose] Disconnected. Reconnecting in 3s...
[firehose] Connecting to wss://logs.spanix.team/firehose?jsonBasic=true...
[firehose] Error: getaddrinfo ENOTFOUND logs.spanix.team
[firehose] Disconnected. Reconnecting in 3s...
[firehose] Connecting to wss://logs.spanix.team/firehose?jsonBasic=true...
[firehose] Error: getaddrinfo ENOTFOUND logs.spanix.team
[firehose] Disconnected. Reconnecting in 3s...
[firehose] Connecting to wss://logs.spanix.team/firehose?jsonBasic=true...
[firehose] Error: getaddrinfo ENOTFOUND logs.spanix.team
[firehose] Disconnected. Reconnecting in 3s...
[firehose] Connecting to wss://logs.spanix.team/firehose?jsonBasic=true...
[firehose] Error: getaddrinfo ENOTFOUND logs.spanix.team
[firehose] Disconnected. Reconnecting in 3s...
[firehose] Connecting to wss://logs.spanix.team/firehose?jsonBasic=true...
[firehose] Connected!
